0 info it worked if it ends with ok
1 verbose cli [ 'C:\\Program Files\\nodejs\\node.exe',
1 verbose cli   'C:\\Program Files\\nodejs\\node_modules\\npm\\bin\\npm-cli.js',
1 verbose cli   'run',
1 verbose cli   'build-scss' ]
2 info using npm@3.10.10
3 info using node@v6.9.4
4 verbose run-script [ 'prebuild-scss', 'build-scss', 'postbuild-scss' ]
5 info lifecycle personal-portfolio@1.0.0~prebuild-scss: personal-portfolio@1.0.0
6 silly lifecycle personal-portfolio@1.0.0~prebuild-scss: no script for prebuild-scss, continuing
7 info lifecycle personal-portfolio@1.0.0~build-scss: personal-portfolio@1.0.0
8 verbose lifecycle personal-portfolio@1.0.0~build-scss: unsafe-perm in lifecycle true
9 verbose lifecycle personal-portfolio@1.0.0~build-scss: PATH: C:\Program Files\nodejs\node_modules\npm\bin\node-gyp-bin;C:\Users\zjmit\OneDrive\Documents\website-templates\zjmitche.me\node_modules\.bin;C:\Program Files\nodejs\node_modules\npm\bin\node-gyp-bin;C:\Users\zjmit\OneDrive\Documents\website-templates\zjmitche.me\node_modules\.bin;C:\Program Files (x86)\NVIDIA Corporation\PhysX\Common;C:\WINDOWS\system32;C:\WINDOWS;C:\WINDOWS\System32\Wbem;C:\WINDOWS\System32\WindowsPowerShell\v1.0\;C:\Program Files\nodejs\;C:\Program Files (x86)\Skype\Phone\;C:\Program Files\Git\cmd;C:\Users\zjmit\AppData\Roaming\npm;C:\Program Files\MongoDB\Server\3.4\bin;C:\Ruby23-x64\bin;C:\Users\zjmit\AppData\Local\Microsoft\WindowsApps;C:\Program Files\Heroku\bin;C:\Program Files\Microsoft VS Code\bin;
10 verbose lifecycle personal-portfolio@1.0.0~build-scss: CWD: C:\Users\zjmit\OneDrive\Documents\website-templates\zjmitche.me
11 silly lifecycle personal-portfolio@1.0.0~build-scss: Args: [ '/d /s /c',
11 silly lifecycle   'sass --watch sass/styles.scss:dist/css/styles.min.css --style compressed' ]
12 verbose stack Error: kill ENOSYS
12 verbose stack     at exports._errnoException (util.js:1022:11)
12 verbose stack     at process.kill (internal/process.js:172:13)
12 verbose stack     at process.listener (C:\Program Files\nodejs\node_modules\npm\node_modules\npmlog\node_modules\gauge\node_modules\signal-exit\index.js:86:15)
12 verbose stack     at emitNone (events.js:91:20)
12 verbose stack     at process.emit (events.js:185:7)
12 verbose stack     at processEmit (C:\Program Files\nodejs\node_modules\npm\node_modules\npmlog\node_modules\gauge\node_modules\signal-exit\index.js:146:32)
12 verbose stack     at processEmit (C:\Program Files\nodejs\node_modules\npm\node_modules\npm-registry-client\node_modules\npmlog\node_modules\gauge\node_modules\signal-exit\index.js:146:32)
12 verbose stack     at Signal.wrap.onsignal (internal/process.js:199:44)
13 verbose cwd C:\Users\zjmit\OneDrive\Documents\website-templates\zjmitche.me
14 error Windows_NT 10.0.15063
15 error argv "C:\\Program Files\\nodejs\\node.exe" "C:\\Program Files\\nodejs\\node_modules\\npm\\bin\\npm-cli.js" "run" "build-scss"
16 error node v6.9.4
17 error npm  v3.10.10
18 error code ENOSYS
19 error errno ENOSYS
20 error syscall kill
21 error kill ENOSYS
22 error If you need help, you may report this error at:
22 error     <https://github.com/npm/npm/issues>
23 verbose exit [ 1, true ]
